Arguments: 
  C:\Program Files\nodejs\node.exe C:\Program Files (x86)\Yarn\bin\yarn.js add express ejs express-ejs-layouts

PATH: 
  C:\Program Files (x86)\Common Files\Oracle\Java\javapath;C:\Windows\system32;C:\Windows;C:\Windows\System32\Wbem;C:\Windows\System32\WindowsPowerShell\v1.0\;C:\Windows\System32\OpenSSH\;C:\Program Files\nodejs\;C:\flutter\bin;C:\AndroidSDK\tools;C:\AndroidSDK\platform-tools;C:\Program Files (x86)\MySQL\MySQL Server 5.0\bin;C:\Program Files (x86)\Yarn\bin\;C:\Users\LaluPaluMona\AppData\Local\Programs\Python\Python37-32;C:\Users\LaluPaluMona\AppData\Local\Programs\Python\Python37-32\Scripts;C:\Program Files\Git\cmd;C:\Users\Lalu Palu Mona\AppData\Local\Programs\Python\Python37-32\Scripts\;C:\Users\Lalu Palu Mona\AppData\Local\Programs\Python\Python37-32\;C:\Users\Lalu Palu Mona\AppData\Local\Microsoft\WindowsApps;C:\Users\Lalu Palu Mona\AppData\Local\Programs\Microsoft VS Code\bin;C:\Users\Lalu Palu Mona\AppData\Roaming\npm;C:\Users\Lalu Palu Mona\AppData\Local\GitHubDesktop\bin;C:\flutter\bin;C:\Program Files\Java\jdk-14.0.1\bin;C:\Users\Lalu Palu Mona\Documents\Django\ngrok-stable-windows-amd64;C:\Users\LaluPaluMona\AppData\Local\Yarn\bin;C:\Users\LaluPaluMona\AppData\Local\GitHubDesktop\bin;C:\Users\LaluPaluMona\AppData\Local\Programs\Python\Python37-32;C:\Users\LaluPaluMona\AppData\Local\Programs\Python\Python37-32\Scripts;C:\MinGW\bin;

Yarn version: 
  1.22.5

Node version: 
  12.18.0

Platform: 
  win32 x64

Trace: 
  Error: getaddrinfo ENOTFOUND registry.yarnpkg.com
      at GetAddrInfoReqWrap.onlookup [as oncomplete] (dns.js:66:26)

npm manifest: 
  {
    "name": "cake-delivery",
    "version": "1.0.0",
    "description": "realtime cake delivery app",
    "main": "index.js",
    "author": "mr-compilerMS",
    "license": "MIT"
  }

yarn manifest: 
  No manifest

Lockfile: 
  No lockfile
